<?xml version="1.0" encoding="UTF-8" ?>
<testsuite tests="6" failures="0" name="com.vicce.move.AppTest" time="0.377" errors="0" skipped="0">
  <properties>
    <property name="java.runtime.name" value="OpenJDK Runtime Environment"/>
    <property name="java.vm.version" value="19.0.1+10"/>
    <property name="sun.boot.library.path" value="C:\Program Files\Eclipse Adoptium\jdk-19.0.1.10-hotspot\bin"/>
    <property name="maven.multiModuleProjectDirectory" value="C:\Users\iorda\OneDrive\Documente\Programming\Java\move"/>
    <property name="java.vm.vendor" value="Eclipse Adoptium"/>
    <property name="java.vendor.url" value="https://adoptium.net/"/>
    <property name="guice.disable.misplaced.annotation.check" value="true"/>
    <property name="path.separator" value=";"/>
    <property name="java.vm.name" value="OpenJDK 64-Bit Server VM"/>
    <property name="sun.os.patch.level" value=""/>
    <property name="user.script" value=""/>
    <property name="user.country" value="US"/>
    <property name="sun.java.launcher" value="SUN_STANDARD"/>
    <property name="java.vm.specification.name" value="Java Virtual Machine Specification"/>
    <property name="user.dir" value="C:\Users\iorda\OneDrive\Documente\Programming\Java\move"/>
    <property name="java.vm.compressedOopsMode" value="32-bit"/>
    <property name="java.runtime.version" value="19.0.1+10"/>
    <property name="os.arch" value="amd64"/>
    <property name="java.io.tmpdir" value="C:\Users\iorda\AppData\Local\Temp\"/>
    <property name="line.separator" value="
"/>
    <property name="java.vm.specification.vendor" value="Oracle Corporation"/>
    <property name="user.variant" value=""/>
    <property name="stderr.encoding" value="cp437"/>
    <property name="os.name" value="Windows 10"/>
    <property name="classworlds.conf" value="C:\Program Files\apache-maven-3.8.6\bin\m2.conf"/>
    <property name="sun.jnu.encoding" value="Cp1252"/>
    <property name="stdout.encoding" value="cp437"/>
    <property name="java.library.path" value="C:\Program Files\Eclipse Adoptium\jdk-19.0.1.10-hotspot\bin;C:\Windows\Sun\Java\bin;C:\Windows\system32;C:\Windows;C:\Users\iorda\anaconda3\condabin;C:\Program Files\PowerShell\7;C:\Program Files\Eclipse Adoptium\jdk-19.0.1.10-hotspot\bin;C:\Program Files\ImageMagick-7.1.0-Q16-HDRI;C:\Program Files\ArcGISMaps\Office;C:\app\iorda\product\18.0.0\dbhomeXE\bin;C:\Windows\system32;C:\Windows;C:\Windows\System32\Wbem;C:\Windows\System32\WindowsPowerShell\v1.0\;C:\Windows\System32\OpenSSH\;C:\Program Files\NVIDIA Corporation\NVIDIA NvDLISR;C:\Program Files\dotnet\;C:\Program Files\Polyspace\R2021a\runtime\win64;C:\Program Files\Polyspace\R2021a\bin;C:\Program Files\gs\gs9.55.0\bin;C:\Program Files (x86)\Common Files\Acronis\SnapAPI\;C:\ProgramData\ComposerSetup\bin;C:\ProgramData\chocolatey\bin;C:\Program Files (x86)\Windows Kits\10\Windows Performance Toolkit\;C:\Program Files (x86)\NVIDIA Corporation\PhysX\Common;C:\Program Files\PuTTY\;C:\Program Files\gs\gs10.00.0\bin;C:\Program Files\PowerShell\7\;C:\Program Files\nodejs\;C:\Program Files\Docker\Docker\resources\bin;C:\Program Files\GitHub CLI\;C:\Program Files\Git\cmd;C:\Users\iorda\AppData\Local\Programs\Python\Python311\Scripts\;C:\Users\iorda\AppData\Local\Programs\Python\Python311\;C:\Users\iorda\AppData\Local\Programs\Python\Python310\Scripts\;C:\Users\iorda\AppData\Local\Programs\Python\Python310\;C:\Users\iorda\AppData\Roaming\Python\Python310\Scripts;C:\Users\iorda\AppData\Local\Microsoft\WindowsApps;C:\Users\iorda\AppData\Local\Programs\Microsoft VS Code\bin;D:\xampp\php;D:\xampp\mysql\bin;C:\Users\iorda\AppData\Local\GitHubDesktop\bin;C:\src\vcpkg;C:\Program Files\R\R-4.1.2\bin\x64;C:\rtools40\usr\bin;C:\Webp-conversion-Google\bin;C:\msys64\mingw64\bin;C:\Users\iorda\.dotnet\tools;C:\msys64\usr\bin;C:\Users\iorda\AppData\Roaming\Composer\vendor\bin;C:\platform-tools-33.0.2;C:\Users\iorda\AppData\Local\JetBrains\Toolbox\scripts;C:\Users\iorda\.vscode-server-launcher\bin;C:\Users\iorda\anaconda3;C:\Users\iorda\anaconda3\Scripts;C:\Users\iorda\.dotnet\tools;C:\Program Files\apache-maven-3.8.6\bin;C:\Users\iorda\AppData\Roaming\npm;C:\Users\iorda\AppData\Local\Programs\mongosh\;."/>
    <property name="maven.conf" value="C:\Program Files\apache-maven-3.8.6/conf"/>
    <property name="jdk.debug" value="release"/>
    <property name="java.class.version" value="63.0"/>
    <property name="java.specification.name" value="Java Platform API Specification"/>
    <property name="sun.management.compiler" value="HotSpot 64-Bit Tiered Compilers"/>
    <property name="os.version" value="10.0"/>
    <property name="library.jansi.path" value="C:\Program Files\apache-maven-3.8.6\lib\jansi-native"/>
    <property name="user.home" value="C:\Users\iorda"/>
    <property name="user.timezone" value="Europe/Bucharest"/>
    <property name="file.encoding" value="UTF-8"/>
    <property name="java.specification.version" value="19"/>
    <property name="user.name" value="iorda"/>
    <property name="java.class.path" value="C:\Program Files\apache-maven-3.8.6\boot\plexus-classworlds-2.6.0.jar"/>
    <property name="java.vm.specification.version" value="19"/>
    <property name="sun.arch.data.model" value="64"/>
    <property name="sun.java.command" value="org.codehaus.plexus.classworlds.launcher.Launcher install -f c:\Users\iorda\OneDrive\Documente\Programming\Java\move\pom.xml"/>
    <property name="java.home" value="C:\Program Files\Eclipse Adoptium\jdk-19.0.1.10-hotspot"/>
    <property name="user.language" value="en"/>
    <property name="java.specification.vendor" value="Oracle Corporation"/>
    <property name="java.vm.info" value="mixed mode, sharing"/>
    <property name="java.version" value="19.0.1"/>
    <property name="native.encoding" value="Cp1252"/>
    <property name="java.vendor" value="Eclipse Adoptium"/>
    <property name="maven.home" value="C:\Program Files\apache-maven-3.8.6"/>
    <property name="file.separator" value="\"/>
    <property name="java.version.date" value="2022-10-18"/>
    <property name="java.vendor.url.bug" value="https://github.com/adoptium/adoptium-support/issues"/>
    <property name="sun.io.unicode.encoding" value="UnicodeLittle"/>
    <property name="sun.cpu.endian" value="little"/>
    <property name="java.vendor.version" value="Temurin-19.0.1+10"/>
    <property name="sun.cpu.isalist" value="amd64"/>
  </properties>
  <testcase classname="com.vicce.move.AppTest" name="VehiculFMSportConstructoriFaraParametri" time="0.05"/>
  <testcase classname="com.vicce.move.AppTest" name="VehiculFMSportConstructoriDeCopiere" time="0"/>
  <testcase classname="com.vicce.move.AppTest" name="MobilitateTest" time="0.133"/>
  <testcase classname="com.vicce.move.AppTest" name="SeedTest" time="0.183"/>
  <testcase classname="com.vicce.move.AppTest" name="VehiculFMSportConstructoriCuParametri" time="0.001"/>
  <testcase classname="com.vicce.move.AppTest" name="VehiculFMSportTest" time="0.01"/>
</testsuite>