<?xml version="1.0" encoding="UTF-8"?>
<testsuite xmlns:xsi="http://www.w3.org/2001/XMLSchema-instance" xsi:noNamespaceSchemaLocation="https://maven.apache.org/surefire/maven-surefire-plugin/xsd/surefire-test-report.xsd" name="com.vicce.move.AppTest" time="0.142" tests="1" errors="0" skipped="0" failures="0">
  <properties>
    <property name="java.specification.version" value="19"/>
    <property name="sun.cpu.isalist" value="amd64"/>
    <property name="sun.jnu.encoding" value="Cp1252"/>
    <property name="java.class.path" value="c:\Users\iorda\OneDrive\Documente\Programming\Java\move\target\test-classes;c:\Users\iorda\OneDrive\Documente\Programming\Java\move\target\classes;C:\Users\iorda\.m2\repository\junit\junit\4.11\junit-4.11.jar;C:\Users\iorda\.m2\repository\org\hamcrest\hamcrest-core\1.3\hamcrest-core-1.3.jar;"/>
    <property name="java.vm.vendor" value="Eclipse Adoptium"/>
    <property name="sun.arch.data.model" value="64"/>
    <property name="user.variant" value=""/>
    <property name="java.vendor.url" value="https://adoptium.net/"/>
    <property name="user.timezone" value="Europe/Bucharest"/>
    <property name="os.name" value="Windows 10"/>
    <property name="java.vm.specification.version" value="19"/>
    <property name="sun.java.launcher" value="SUN_STANDARD"/>
    <property name="user.country" value="US"/>
    <property name="sun.boot.library.path" value="C:\Program Files\Eclipse Adoptium\jdk-19.0.1.10-hotspot\bin"/>
    <property name="sun.java.command" value="C:\Users\iorda\AppData\Local\Temp\surefire9738774803613345702\surefirebooter8539528901304233110.jar C:\Users\iorda\AppData\Local\Temp\surefire9738774803613345702 2022-11-26T18-32-48_941-jvmRun1 surefire13562218109343793029tmp surefire_05047597010925639502tmp"/>
    <property name="jdk.debug" value="release"/>
    <property name="surefire.test.class.path" value="c:\Users\iorda\OneDrive\Documente\Programming\Java\move\target\test-classes;c:\Users\iorda\OneDrive\Documente\Programming\Java\move\target\classes;C:\Users\iorda\.m2\repository\junit\junit\4.11\junit-4.11.jar;C:\Users\iorda\.m2\repository\org\hamcrest\hamcrest-core\1.3\hamcrest-core-1.3.jar;"/>
    <property name="sun.cpu.endian" value="little"/>
    <property name="user.home" value="C:\Users\iorda"/>
    <property name="user.language" value="en"/>
    <property name="java.specification.vendor" value="Oracle Corporation"/>
    <property name="java.version.date" value="2022-10-18"/>
    <property name="java.home" value="C:\Program Files\Eclipse Adoptium\jdk-19.0.1.10-hotspot"/>
    <property name="file.separator" value="\"/>
    <property name="basedir" value="c:\Users\iorda\OneDrive\Documente\Programming\Java\move"/>
    <property name="java.vm.compressedOopsMode" value="32-bit"/>
    <property name="line.separator" value="&#10;"/>
    <property name="java.vm.specification.vendor" value="Oracle Corporation"/>
    <property name="java.specification.name" value="Java Platform API Specification"/>
    <property name="surefire.real.class.path" value="C:\Users\iorda\AppData\Local\Temp\surefire9738774803613345702\surefirebooter8539528901304233110.jar"/>
    <property name="user.script" value=""/>
    <property name="sun.management.compiler" value="HotSpot 64-Bit Tiered Compilers"/>
    <property name="java.runtime.version" value="19.0.1+10"/>
    <property name="user.name" value="iorda"/>
    <property name="stdout.encoding" value="Cp1252"/>
    <property name="path.separator" value=";"/>
    <property name="os.version" value="10.0"/>
    <property name="java.runtime.name" value="OpenJDK Runtime Environment"/>
    <property name="file.encoding" value="UTF-8"/>
    <property name="java.vm.name" value="OpenJDK 64-Bit Server VM"/>
    <property name="java.vendor.version" value="Temurin-19.0.1+10"/>
    <property name="localRepository" value="C:\Users\iorda\.m2\repository"/>
    <property name="java.vendor.url.bug" value="https://github.com/adoptium/adoptium-support/issues"/>
    <property name="java.io.tmpdir" value="C:\Users\iorda\AppData\Local\Temp\"/>
    <property name="java.version" value="19.0.1"/>
    <property name="user.dir" value="c:\Users\iorda\OneDrive\Documente\Programming\Java\move"/>
    <property name="os.arch" value="amd64"/>
    <property name="java.vm.specification.name" value="Java Virtual Machine Specification"/>
    <property name="sun.os.patch.level" value=""/>
    <property name="native.encoding" value="Cp1252"/>
    <property name="java.library.path" value="C:\Program Files\Eclipse Adoptium\jdk-19.0.1.10-hotspot\bin;C:\Windows\Sun\Java\bin;C:\Windows\system32;C:\Windows;C:\Users\iorda\anaconda3\condabin;C:\Program Files\PowerShell\7;C:\Program Files\Eclipse Adoptium\jdk-19.0.1.10-hotspot\bin;C:\Program Files\Eclipse Adoptium\jre-8.0.352.8-hotspot\bin;C:\Program Files\Eclipse Adoptium\jre-17.0.5.8-hotspot\bin;C:\Program Files\Eclipse Adoptium\jre-11.0.17.8-hotspot\bin;C:\Program Files (x86)\Eclipse Adoptium\jre-8.0.352.8-hotspot\bin;C:\Program Files\ImageMagick-7.1.0-Q16-HDRI;C:\Program Files\ArcGISMaps\Office;C:\app\iorda\product\18.0.0\dbhomeXE\bin;C:\Windows\system32;C:\Windows;C:\Windows\System32\Wbem;C:\Windows\System32\WindowsPowerShell\v1.0\;C:\Windows\System32\OpenSSH\;C:\Program Files\NVIDIA Corporation\NVIDIA NvDLISR;C:\Program Files\dotnet\;C:\Program Files\Polyspace\R2021a\runtime\win64;C:\Program Files\Polyspace\R2021a\bin;C:\Program Files\gs\gs9.55.0\bin;C:\Program Files (x86)\Common Files\Acronis\SnapAPI\;C:\ProgramData\ComposerSetup\bin;C:\ProgramData\chocolatey\bin;C:\Program Files\Docker\Docker\resources\bin;C:\ProgramData\DockerDesktop\version-bin;C:\Program Files (x86)\Windows Kits\10\Windows Performance Toolkit\;C:\Program Files (x86)\NVIDIA Corporation\PhysX\Common;C:\Program Files\Git\cmd;C:\Program Files\PowerShell\7\;C:\Program Files\PuTTY\;C:\Program Files\gs\gs10.00.0\bin;C:\Program Files\nodejs\;C:\Program Files\GitHub CLI\;C:\Users\iorda\AppData\Local\Programs\Python\Python311\Scripts\;C:\Users\iorda\AppData\Local\Programs\Python\Python311\;C:\Users\iorda\AppData\Local\Programs\Python\Python310\Scripts\;C:\Users\iorda\AppData\Local\Programs\Python\Python310\;C:\Users\iorda\AppData\Roaming\Python\Python310\Scripts;C:\Users\iorda\AppData\Local\Microsoft\WindowsApps;C:\Users\iorda\AppData\Local\Programs\Microsoft VS Code\bin;D:\xampp\php;D:\xampp\mysql\bin;C:\Users\iorda\AppData\Local\GitHubDesktop\bin;C:\src\vcpkg;C:\Program Files\R\R-4.1.2\bin\x64;C:\rtools40\usr\bin;C:\Webp-conversion-Google\bin;C:\msys64\mingw64\bin;C:\Users\iorda\.dotnet\tools;C:\msys64\usr\bin;C:\Users\iorda\AppData\Roaming\Composer\vendor\bin;C:\platform-tools-33.0.2;C:\Users\iorda\AppData\Local\JetBrains\Toolbox\scripts;C:\Users\iorda\.vscode-server-launcher\bin;C:\Users\iorda\anaconda3;C:\Users\iorda\anaconda3\Scripts;C:\Users\iorda\.dotnet\tools;C:\Users\iorda\AppData\Roaming\npm;;."/>
    <property name="java.vm.info" value="mixed mode, sharing"/>
    <property name="stderr.encoding" value="Cp1252"/>
    <property name="java.vendor" value="Eclipse Adoptium"/>
    <property name="java.vm.version" value="19.0.1+10"/>
    <property name="sun.io.unicode.encoding" value="UnicodeLittle"/>
    <property name="java.class.version" value="63.0"/>
  </properties>
  <testcase name="shouldAnswerWithTrue" classname="com.vicce.move.AppTest" time="0.011"/>
</testsuite>